# JRE version: Java(TM) SE Runtime Environment (8.0_161-b12) (build 1.8.0_161-b12)
# Java VM: Java HotSpot(TM) 64-Bit Server VM (25.161-b12 mixed mode bsd-amd64 compressed oops)
Heap:
 PSYoungGen      total 48640K, used 3952K [0x0000000795580000, 0x0000000798e00000, 0x00000007c0000000)
  eden space 41472K, 2% used [0x0000000795580000,0x00000007956aaa40,0x0000000797e00000)
  from space 7168K, 38% used [0x0000000798700000,0x00000007989b1980,0x0000000798e00000)
  to   space 8192K, 0% used [0x0000000797e00000,0x0000000797e00000,0x0000000798600000)
 ParOldGen       total 96768K, used 13177K [0x0000000740000000, 0x0000000745e80000, 0x0000000795580000)
  object space 96768K, 13% used [0x0000000740000000,0x0000000740cde4c0,0x0000000745e80000)
 Metaspace       used 36226K, capacity 37613K, committed 37800K, reserved 1081344K
  class space    used 4943K, capacity 5214K, committed 5288K, reserved 1048576K
GC Heap History (10 events):
Event: 1675.723 GC heap before
{Heap before GC invocations=12 (full 2):
 PSYoungGen      total 45568K, used 45109K [0x0000000795580000, 0x0000000799480000, 0x00000007c0000000)
  eden space 44032K, 100% used [0x0000000795580000,0x0000000798080000,0x0000000798080000)
  from space 1536K, 70% used [0x0000000798100000,0x000000079820d660,0x0000000798280000)
  to   space 10240K, 0% used [0x0000000798a80000,0x0000000798a80000,0x0000000799480000)
 ParOldGen       total 96768K, used 13150K [0x0000000740000000, 0x0000000745e80000, 0x0000000795580000)
  object space 96768K, 13% used [0x0000000740000000,0x0000000740cd7850,0x0000000745e80000)
 Metaspace       used 36065K, capacity 37435K, committed 37544K, reserved 1081344K
  class space    used 4931K, capacity 5203K, committed 5288K, reserved 1048576K
Event: 1675.730 GC heap after
Heap after GC invocations=12 (full 2):
 PSYoungGen      total 52224K, used 1219K [0x0000000795580000, 0x0000000799300000, 0x00000007c0000000)
  eden space 43520K, 0% used [0x0000000795580000,0x0000000795580000,0x0000000798000000)
  from space 8704K, 14% used [0x0000000798a80000,0x0000000798bb0d50,0x0000000799300000)
  to   space 9728K, 0% used [0x0000000798000000,0x0000000798000000,0x0000000798980000)
 ParOldGen       total 96768K, used 13158K [0x0000000740000000, 0x0000000745e80000, 0x0000000795580000)
  object space 96768K, 13% used [0x0000000740000000,0x0000000740cd9850,0x0000000745e80000)
 Metaspace       used 36065K, capacity 37435K, committed 37544K, reserved 1081344K
  class space    used 4931K, capacity 5203K, committed 5288K, reserved 1048576K
}
Event: 1959.637 GC heap before
{Heap before GC invocations=13 (full 2):
 PSYoungGen      total 52224K, used 44739K [0x0000000795580000, 0x0000000799300000, 0x00000007c0000000)
  eden space 43520K, 100% used [0x0000000795580000,0x0000000798000000,0x0000000798000000)
  from space 8704K, 14% used [0x0000000798a80000,0x0000000798bb0d50,0x0000000799300000)
  to   space 9728K, 0% used [0x0000000798000000,0x0000000798000000,0x0000000798980000)
 ParOldGen       total 96768K, used 13158K [0x0000000740000000, 0x0000000745e80000, 0x0000000795580000)
  object space 96768K, 13% used [0x0000000740000000,0x0000000740cd9850,0x0000000745e80000)
 Metaspace       used 36067K, capacity 37435K, committed 37544K, reserved 1081344K
  class space    used 4932K, capacity 5203K, committed 5288K, reserved 1048576K
Event: 1959.640 GC heap after
Heap after GC invocations=13 (full 2):
 PSYoungGen      total 44544K, used 1479K [0x0000000795580000, 0x0000000799280000, 0x00000007c0000000)
  eden space 43008K, 0% used [0x0000000795580000,0x0000000795580000,0x0000000797f80000)
  from space 1536K, 96% used [0x0000000798000000,0x0000000798171e70,0x0000000798180000)
  to   space 9728K, 0% used [0x0000000798900000,0x0000000798900000,0x0000000799280000)
 ParOldGen       total 96768K, used 13158K [0x0000000740000000, 0x0000000745e80000, 0x0000000795580000)
  object space 96768K, 13% used [0x0000000740000000,0x0000000740cd9850,0x0000000745e80000)
 Metaspace       used 36067K, capacity 37435K, committed 37544K, reserved 1081344K
  class space    used 4932K, capacity 5203K, committed 5288K, reserved 1048576K
}
Event: 2245.646 GC heap before
{Heap before GC invocations=14 (full 2):
 PSYoungGen      total 44544K, used 44487K [0x0000000795580000, 0x0000000799280000, 0x00000007c0000000)
  eden space 43008K, 100% used [0x0000000795580000,0x0000000797f80000,0x0000000797f80000)
  from space 1536K, 96% used [0x0000000798000000,0x0000000798171e70,0x0000000798180000)
  to   space 9728K, 0% used [0x0000000798900000,0x0000000798900000,0x0000000799280000)
 ParOldGen       total 96768K, used 13158K [0x0000000740000000, 0x0000000745e80000, 0x0000000795580000)
  object space 96768K, 13% used [0x0000000740000000,0x0000000740cd9850,0x0000000745e80000)
 Metaspace       used 36077K, capacity 37435K, committed 37544K, reserved 1081344K
  class space    used 4932K, capacity 5203K, committed 5288K, reserved 1048576K
Event: 2245.650 GC heap after
Heap after GC invocations=14 (full 2):
 PSYoungGen      total 50688K, used 981K [0x0000000795580000, 0x0000000799100000, 0x00000007c0000000)
  eden space 42496K, 0% used [0x0000000795580000,0x0000000795580000,0x0000000797f00000)
  from space 8192K, 11% used [0x0000000798900000,0x00000007989f5660,0x0000000799100000)
  to   space 9216K, 0% used [0x0000000797f00000,0x0000000797f00000,0x0000000798800000)
 ParOldGen       total 96768K, used 13166K [0x0000000740000000, 0x0000000745e80000, 0x0000000795580000)
  object space 96768K, 13% used [0x0000000740000000,0x0000000740cdb850,0x0000000745e80000)
 Metaspace       used 36077K, capacity 37435K, committed 37544K, reserved 1081344K
  class space    used 4932K, capacity 5203K, committed 5288K, reserved 1048576K
}
Event: 2528.323 GC heap before
{Heap before GC invocations=15 (full 2):
 PSYoungGen      total 50688K, used 43477K [0x0000000795580000, 0x0000000799100000, 0x00000007c0000000)
  eden space 42496K, 100% used [0x0000000795580000,0x0000000797f00000,0x0000000797f00000)
  from space 8192K, 11% used [0x0000000798900000,0x00000007989f5660,0x0000000799100000)
  to   space 9216K, 0% used [0x0000000797f00000,0x0000000797f00000,0x0000000798800000)
 ParOldGen       total 96768K, used 13167K [0x0000000740000000, 0x0000000745e80000, 0x0000000795580000)
  object space 96768K, 13% used [0x0000000740000000,0x0000000740cdbca0,0x0000000745e80000)
 Metaspace       used 36077K, capacity 37435K, committed 37544K, reserved 1081344K
  class space    used 4932K, capacity 5203K, committed 5288K, reserved 1048576K
Event: 2528.326 GC heap after
Heap after GC invocations=15 (full 2):
 PSYoungGen      total 43520K, used 1123K [0x0000000795580000, 0x0000000798f80000, 0x00000007c0000000)
  eden space 41984K, 0% used [0x0000000795580000,0x0000000795580000,0x0000000797e80000)
  from space 1536K, 73% used [0x0000000797f00000,0x0000000798018d50,0x0000000798080000)
  to   space 8704K, 0% used [0x0000000798700000,0x0000000798700000,0x0000000798f80000)
 ParOldGen       total 96768K, used 13167K [0x0000000740000000, 0x0000000745e80000, 0x0000000795580000)
  object space 96768K, 13% used [0x0000000740000000,0x0000000740cdbca0,0x0000000745e80000)
 Metaspace       used 36077K, capacity 37435K, committed 37544K, reserved 1081344K
  class space    used 4932K, capacity 5203K, committed 5288K, reserved 1048576K
}
Event: 2749.498 GC heap before
{Heap before GC invocations=16 (full 2):
 PSYoungGen      total 43520K, used 43107K [0x0000000795580000, 0x0000000798f80000, 0x00000007c0000000)
  eden space 41984K, 100% used [0x0000000795580000,0x0000000797e80000,0x0000000797e80000)
  from space 1536K, 73% used [0x0000000797f00000,0x0000000798018d50,0x0000000798080000)
  to   space 8704K, 0% used [0x0000000798700000,0x0000000798700000,0x0000000798f80000)
 ParOldGen       total 96768K, used 13169K [0x0000000740000000, 0x0000000745e80000, 0x0000000795580000)
  object space 96768K, 13% used [0x0000000740000000,0x0000000740cdc4c0,0x0000000745e80000)
 Metaspace       used 36197K, capacity 37499K, committed 37800K, reserved 1081344K
  class space    used 4936K, capacity 5203K, committed 5288K, reserved 1048576K
Event: 2749.507 GC heap after
Heap after GC invocations=16 (full 2):
 PSYoungGen      total 48640K, used 2758K [0x0000000795580000, 0x0000000798e00000, 0x00000007c0000000)
  eden space 41472K, 0% used [0x0000000795580000,0x0000000795580000,0x0000000797e00000)
  from space 7168K, 38% used [0x0000000798700000,0x00000007989b1980,0x0000000798e00000)
  to   space 8192K, 0% used [0x0000000797e00000,0x0000000797e00000,0x0000000798600000)
 ParOldGen       total 96768K, used 13177K [0x0000000740000000, 0x0000000745e80000, 0x0000000795580000)
  object space 96768K, 13% used [0x0000000740000000,0x0000000740cde4c0,0x0000000745e80000)
 Metaspace       used 36197K, capacity 37499K, committed 37800K, reserved 1081344K
  class space    used 4936K, capacity 5203K, committed 5288K, reserved 1048576K
}

