# JRE version: Java(TM) SE Runtime Environment (8.0_161-b12) (build 1.8.0_161-b12)
# Java VM: Java HotSpot(TM) 64-Bit Server VM (25.161-b12 mixed mode bsd-amd64 compressed oops)
Heap:
 PSYoungGen      total 48128K, used 25783K [0x0000000795580000, 0x0000000798b80000, 0x00000007c0000000)
  eden space 43008K, 59% used [0x0000000795580000,0x0000000796eadf28,0x0000000797f80000)
  from space 5120K, 0% used [0x0000000798680000,0x0000000798680000,0x0000000798b80000)
  to   space 5120K, 0% used [0x0000000798180000,0x0000000798180000,0x0000000798680000)
 ParOldGen       total 100864K, used 12933K [0x0000000740000000, 0x0000000746280000, 0x0000000795580000)
  object space 100864K, 12% used [0x0000000740000000,0x0000000740ca17f0,0x0000000746280000)
 Metaspace       used 35315K, capacity 36758K, committed 36992K, reserved 1081344K
  class space    used 4928K, capacity 5210K, committed 5248K, reserved 1048576K
GC Heap History (10 events):
Event: 1.596 GC heap before
{Heap before GC invocations=2 (full 0):
 PSYoungGen      total 38400K, used 27033K [0x0000000795580000, 0x0000000798000000, 0x00000007c0000000)
  eden space 33280K, 66% used [0x0000000795580000,0x0000000796af6760,0x0000000797600000)
  from space 5120K, 98% used [0x0000000797600000,0x0000000797af0040,0x0000000797b00000)
  to   space 5120K, 0% used [0x0000000797b00000,0x0000000797b00000,0x0000000798000000)
 ParOldGen       total 87552K, used 80K [0x0000000740000000, 0x0000000745580000, 0x0000000795580000)
  object space 87552K, 0% used [0x0000000740000000,0x0000000740014010,0x0000000745580000)
 Metaspace       used 20242K, capacity 21172K, committed 21296K, reserved 1067008K
  class space    used 2919K, capacity 3127K, committed 3200K, reserved 1048576K
Event: 1.605 GC heap after
Heap after GC invocations=2 (full 0):
 PSYoungGen      total 38400K, used 5088K [0x0000000795580000, 0x000000079a080000, 0x00000007c0000000)
  eden space 33280K, 0% used [0x0000000795580000,0x0000000795580000,0x0000000797600000)
  from space 5120K, 99% used [0x0000000797b00000,0x0000000797ff8060,0x0000000798000000)
  to   space 5120K, 0% used [0x0000000797600000,0x0000000797600000,0x0000000797b00000)
 ParOldGen       total 87552K, used 2767K [0x0000000740000000, 0x0000000745580000, 0x0000000795580000)
  object space 87552K, 3% used [0x0000000740000000,0x00000007402b3dd0,0x0000000745580000)
 Metaspace       used 20242K, capacity 21172K, committed 21296K, reserved 1067008K
  class space    used 2919K, capacity 3127K, committed 3200K, reserved 1048576K
}
Event: 1.605 GC heap before
{Heap before GC invocations=3 (full 1):
 PSYoungGen      total 38400K, used 5088K [0x0000000795580000, 0x000000079a080000, 0x00000007c0000000)
  eden space 33280K, 0% used [0x0000000795580000,0x0000000795580000,0x0000000797600000)
  from space 5120K, 99% used [0x0000000797b00000,0x0000000797ff8060,0x0000000798000000)
  to   space 5120K, 0% used [0x0000000797600000,0x0000000797600000,0x0000000797b00000)
 ParOldGen       total 87552K, used 2767K [0x0000000740000000, 0x0000000745580000, 0x0000000795580000)
  object space 87552K, 3% used [0x0000000740000000,0x00000007402b3dd0,0x0000000745580000)
 Metaspace       used 20242K, capacity 21172K, committed 21296K, reserved 1067008K
  class space    used 2919K, capacity 3127K, committed 3200K, reserved 1048576K
Event: 1.634 GC heap after
Heap after GC invocations=3 (full 1):
 PSYoungGen      total 38400K, used 0K [0x0000000795580000, 0x000000079a080000, 0x00000007c0000000)
  eden space 33280K, 0% used [0x0000000795580000,0x0000000795580000,0x0000000797600000)
  from space 5120K, 0% used [0x0000000797b00000,0x0000000797b00000,0x0000000798000000)
  to   space 5120K, 0% used [0x0000000797600000,0x0000000797600000,0x0000000797b00000)
 ParOldGen       total 64512K, used 7713K [0x0000000740000000, 0x0000000743f00000, 0x0000000795580000)
  object space 64512K, 11% used [0x0000000740000000,0x0000000740788620,0x0000000743f00000)
 Metaspace       used 20242K, capacity 21172K, committed 21296K, reserved 1067008K
  class space    used 2919K, capacity 3127K, committed 3200K, reserved 1048576K
}
Event: 4.509 GC heap before
{Heap before GC invocations=4 (full 1):
 PSYoungGen      total 38400K, used 33280K [0x0000000795580000, 0x000000079a080000, 0x00000007c0000000)
  eden space 33280K, 100% used [0x0000000795580000,0x0000000797600000,0x0000000797600000)
  from space 5120K, 0% used [0x0000000797b00000,0x0000000797b00000,0x0000000798000000)
  to   space 5120K, 0% used [0x0000000797600000,0x0000000797600000,0x0000000797b00000)
 ParOldGen       total 64512K, used 7713K [0x0000000740000000, 0x0000000743f00000, 0x0000000795580000)
  object space 64512K, 11% used [0x0000000740000000,0x0000000740788620,0x0000000743f00000)
 Metaspace       used 32359K, capacity 33724K, committed 33792K, reserved 1077248K
  class space    used 4769K, capacity 5075K, committed 5120K, reserved 1048576K
Event: 4.522 GC heap after
Heap after GC invocations=4 (full 1):
 PSYoungGen      total 38400K, used 5098K [0x0000000795580000, 0x0000000798b80000, 0x00000007c0000000)
  eden space 33280K, 0% used [0x0000000795580000,0x0000000795580000,0x0000000797600000)
  from space 5120K, 99% used [0x0000000797600000,0x0000000797afabc0,0x0000000797b00000)
  to   space 5120K, 0% used [0x0000000798680000,0x0000000798680000,0x0000000798b80000)
 ParOldGen       total 64512K, used 10474K [0x0000000740000000, 0x0000000743f00000, 0x0000000795580000)
  object space 64512K, 16% used [0x0000000740000000,0x0000000740a3aa50,0x0000000743f00000)
 Metaspace       used 32359K, capacity 33724K, committed 33792K, reserved 1077248K
  class space    used 4769K, capacity 5075K, committed 5120K, reserved 1048576K
}
Event: 27.736 GC heap before
{Heap before GC invocations=5 (full 1):
 PSYoungGen      total 38400K, used 17128K [0x0000000795580000, 0x0000000798b80000, 0x00000007c0000000)
  eden space 33280K, 36% used [0x0000000795580000,0x000000079613f780,0x0000000797600000)
  from space 5120K, 99% used [0x0000000797600000,0x0000000797afabc0,0x0000000797b00000)
  to   space 5120K, 0% used [0x0000000798680000,0x0000000798680000,0x0000000798b80000)
 ParOldGen       total 64512K, used 10474K [0x0000000740000000, 0x0000000743f00000, 0x0000000795580000)
  object space 64512K, 16% used [0x0000000740000000,0x0000000740a3aa50,0x0000000743f00000)
 Metaspace       used 34022K, capacity 35330K, committed 35456K, reserved 1079296K
  class space    used 4833K, capacity 5132K, committed 5248K, reserved 1048576K
Event: 27.743 GC heap after
Heap after GC invocations=5 (full 1):
 PSYoungGen      total 48128K, used 5098K [0x0000000795580000, 0x0000000798b80000, 0x00000007c0000000)
  eden space 43008K, 0% used [0x0000000795580000,0x0000000795580000,0x0000000797f80000)
  from space 5120K, 99% used [0x0000000798680000,0x0000000798b7a8b0,0x0000000798b80000)
  to   space 5120K, 0% used [0x0000000798180000,0x0000000798180000,0x0000000798680000)
 ParOldGen       total 64512K, used 12580K [0x0000000740000000, 0x0000000743f00000, 0x0000000795580000)
  object space 64512K, 19% used [0x0000000740000000,0x0000000740c491c0,0x0000000743f00000)
 Metaspace       used 34022K, capacity 35330K, committed 35456K, reserved 1079296K
  class space    used 4833K, capacity 5132K, committed 5248K, reserved 1048576K
}
Event: 27.743 GC heap before
{Heap before GC invocations=6 (full 2):
 PSYoungGen      total 48128K, used 5098K [0x0000000795580000, 0x0000000798b80000, 0x00000007c0000000)
  eden space 43008K, 0% used [0x0000000795580000,0x0000000795580000,0x0000000797f80000)
  from space 5120K, 99% used [0x0000000798680000,0x0000000798b7a8b0,0x0000000798b80000)
  to   space 5120K, 0% used [0x0000000798180000,0x0000000798180000,0x0000000798680000)
 ParOldGen       total 64512K, used 12580K [0x0000000740000000, 0x0000000743f00000, 0x0000000795580000)
  object space 64512K, 19% used [0x0000000740000000,0x0000000740c491c0,0x0000000743f00000)
 Metaspace       used 34022K, capacity 35330K, committed 35456K, reserved 1079296K
  class space    used 4833K, capacity 5132K, committed 5248K, reserved 1048576K
Event: 27.792 GC heap after
Heap after GC invocations=6 (full 2):
 PSYoungGen      total 48128K, used 0K [0x0000000795580000, 0x0000000798b80000, 0x00000007c0000000)
  eden space 43008K, 0% used [0x0000000795580000,0x0000000795580000,0x0000000797f80000)
  from space 5120K, 0% used [0x0000000798680000,0x0000000798680000,0x0000000798b80000)
  to   space 5120K, 0% used [0x0000000798180000,0x0000000798180000,0x0000000798680000)
 ParOldGen       total 100864K, used 12933K [0x0000000740000000, 0x0000000746280000, 0x0000000795580000)
  object space 100864K, 12% used [0x0000000740000000,0x0000000740ca17f0,0x0000000746280000)
 Metaspace       used 34003K, capacity 35300K, committed 35456K, reserved 1079296K
  class space    used 4830K, capacity 5127K, committed 5248K, reserved 1048576K
}

