# JRE version: Java(TM) SE Runtime Environment (8.0_161-b12) (build 1.8.0_161-b12)
# Java VM: Java HotSpot(TM) 64-Bit Server VM (25.161-b12 mixed mode bsd-amd64 compressed oops)
Heap:
 PSYoungGen      total 51200K, used 34292K [0x0000000795580000, 0x000000079a480000, 0x00000007c0000000)
  eden space 46080K, 72% used [0x0000000795580000,0x000000079763d170,0x0000000798280000)
  from space 5120K, 15% used [0x0000000798280000,0x0000000798340000,0x0000000798780000)
  to   space 10240K, 0% used [0x0000000799a80000,0x0000000799a80000,0x000000079a480000)
 ParOldGen       total 97792K, used 13050K [0x0000000740000000, 0x0000000745f80000, 0x0000000795580000)
  object space 97792K, 13% used [0x0000000740000000,0x0000000740cbea78,0x0000000745f80000)
 Metaspace       used 35965K, capacity 37367K, committed 37552K, reserved 1081344K
  class space    used 4940K, capacity 5221K, committed 5296K, reserved 1048576K
GC Heap History (10 events):
Event: 1.440 GC heap before
{Heap before GC invocations=3 (full 1):
 PSYoungGen      total 38400K, used 5088K [0x0000000795580000, 0x000000079a080000, 0x00000007c0000000)
  eden space 33280K, 0% used [0x0000000795580000,0x0000000795580000,0x0000000797600000)
  from space 5120K, 99% used [0x0000000797b00000,0x0000000797ff8080,0x0000000798000000)
  to   space 5120K, 0% used [0x0000000797600000,0x0000000797600000,0x0000000797b00000)
 ParOldGen       total 87552K, used 2561K [0x0000000740000000, 0x0000000745580000, 0x0000000795580000)
  object space 87552K, 2% used [0x0000000740000000,0x0000000740280400,0x0000000745580000)
 Metaspace       used 20332K, capacity 21187K, committed 21296K, reserved 1067008K
  class space    used 2921K, capacity 3120K, committed 3120K, reserved 1048576K
Event: 1.465 GC heap after
Heap after GC invocations=3 (full 1):
 PSYoungGen      total 38400K, used 0K [0x0000000795580000, 0x000000079a080000, 0x00000007c0000000)
  eden space 33280K, 0% used [0x0000000795580000,0x0000000795580000,0x0000000797600000)
  from space 5120K, 0% used [0x0000000797b00000,0x0000000797b00000,0x0000000798000000)
  to   space 5120K, 0% used [0x0000000797600000,0x0000000797600000,0x0000000797b00000)
 ParOldGen       total 62464K, used 7493K [0x0000000740000000, 0x0000000743d00000, 0x0000000795580000)
  object space 62464K, 11% used [0x0000000740000000,0x0000000740751518,0x0000000743d00000)
 Metaspace       used 20332K, capacity 21187K, committed 21296K, reserved 1067008K
  class space    used 2921K, capacity 3120K, committed 3120K, reserved 1048576K
}
Event: 4.309 GC heap before
{Heap before GC invocations=4 (full 1):
 PSYoungGen      total 38400K, used 33280K [0x0000000795580000, 0x000000079a080000, 0x00000007c0000000)
  eden space 33280K, 100% used [0x0000000795580000,0x0000000797600000,0x0000000797600000)
  from space 5120K, 0% used [0x0000000797b00000,0x0000000797b00000,0x0000000798000000)
  to   space 5120K, 0% used [0x0000000797600000,0x0000000797600000,0x0000000797b00000)
 ParOldGen       total 62464K, used 7493K [0x0000000740000000, 0x0000000743d00000, 0x0000000795580000)
  object space 62464K, 11% used [0x0000000740000000,0x0000000740751518,0x0000000743d00000)
 Metaspace       used 32411K, capacity 33737K, committed 34096K, reserved 1079296K
  class space    used 4774K, capacity 5050K, committed 5168K, reserved 1048576K
Event: 4.315 GC heap after
Heap after GC invocations=4 (full 1):
 PSYoungGen      total 38400K, used 5097K [0x0000000795580000, 0x0000000798c80000, 0x00000007c0000000)
  eden space 33280K, 0% used [0x0000000795580000,0x0000000795580000,0x0000000797600000)
  from space 5120K, 99% used [0x0000000797600000,0x0000000797afa440,0x0000000797b00000)
  to   space 5120K, 0% used [0x0000000798780000,0x0000000798780000,0x0000000798c80000)
 ParOldGen       total 62464K, used 10246K [0x0000000740000000, 0x0000000743d00000, 0x0000000795580000)
  object space 62464K, 16% used [0x0000000740000000,0x0000000740a01948,0x0000000743d00000)
 Metaspace       used 32411K, capacity 33737K, committed 34096K, reserved 1079296K
  class space    used 4774K, capacity 5050K, committed 5168K, reserved 1048576K
}
Event: 24.261 GC heap before
{Heap before GC invocations=5 (full 1):
 PSYoungGen      total 38400K, used 19596K [0x0000000795580000, 0x0000000798c80000, 0x00000007c0000000)
  eden space 33280K, 43% used [0x0000000795580000,0x00000007963a8e48,0x0000000797600000)
  from space 5120K, 99% used [0x0000000797600000,0x0000000797afa440,0x0000000797b00000)
  to   space 5120K, 0% used [0x0000000798780000,0x0000000798780000,0x0000000798c80000)
 ParOldGen       total 62464K, used 10246K [0x0000000740000000, 0x0000000743d00000, 0x0000000795580000)
  object space 62464K, 16% used [0x0000000740000000,0x0000000740a01948,0x0000000743d00000)
 Metaspace       used 34095K, capacity 35479K, committed 35496K, reserved 1079296K
  class space    used 4892K, capacity 5167K, committed 5168K, reserved 1048576K
Event: 24.270 GC heap after
Heap after GC invocations=5 (full 1):
 PSYoungGen      total 49152K, used 5113K [0x0000000795580000, 0x0000000798c80000, 0x00000007c0000000)
  eden space 44032K, 0% used [0x0000000795580000,0x0000000795580000,0x0000000798080000)
  from space 5120K, 99% used [0x0000000798780000,0x0000000798c7e570,0x0000000798c80000)
  to   space 5120K, 0% used [0x0000000798280000,0x0000000798280000,0x0000000798780000)
 ParOldGen       total 62464K, used 11585K [0x0000000740000000, 0x0000000743d00000, 0x0000000795580000)
  object space 62464K, 18% used [0x0000000740000000,0x0000000740b50680,0x0000000743d00000)
 Metaspace       used 34095K, capacity 35479K, committed 35496K, reserved 1079296K
  class space    used 4892K, capacity 5167K, committed 5168K, reserved 1048576K
}
Event: 24.270 GC heap before
{Heap before GC invocations=6 (full 2):
 PSYoungGen      total 49152K, used 5113K [0x0000000795580000, 0x0000000798c80000, 0x00000007c0000000)
  eden space 44032K, 0% used [0x0000000795580000,0x0000000795580000,0x0000000798080000)
  from space 5120K, 99% used [0x0000000798780000,0x0000000798c7e570,0x0000000798c80000)
  to   space 5120K, 0% used [0x0000000798280000,0x0000000798280000,0x0000000798780000)
 ParOldGen       total 62464K, used 11585K [0x0000000740000000, 0x0000000743d00000, 0x0000000795580000)
  object space 62464K, 18% used [0x0000000740000000,0x0000000740b50680,0x0000000743d00000)
 Metaspace       used 34095K, capacity 35479K, committed 35496K, reserved 1079296K
  class space    used 4892K, capacity 5167K, committed 5168K, reserved 1048576K
Event: 24.349 GC heap after
Heap after GC invocations=6 (full 2):
 PSYoungGen      total 49152K, used 0K [0x0000000795580000, 0x0000000798c80000, 0x00000007c0000000)
  eden space 44032K, 0% used [0x0000000795580000,0x0000000795580000,0x0000000798080000)
  from space 5120K, 0% used [0x0000000798780000,0x0000000798780000,0x0000000798c80000)
  to   space 5120K, 0% used [0x0000000798280000,0x0000000798280000,0x0000000798780000)
 ParOldGen       total 97792K, used 13042K [0x0000000740000000, 0x0000000745f80000, 0x0000000795580000)
  object space 97792K, 13% used [0x0000000740000000,0x0000000740cbca78,0x0000000745f80000)
 Metaspace       used 34093K, capacity 35473K, committed 35496K, reserved 1079296K
  class space    used 4891K, capacity 5166K, committed 5168K, reserved 1048576K
}
Event: 126.287 GC heap before
{Heap before GC invocations=7 (full 2):
 PSYoungGen      total 49152K, used 44032K [0x0000000795580000, 0x0000000798c80000, 0x00000007c0000000)
  eden space 44032K, 100% used [0x0000000795580000,0x0000000798080000,0x0000000798080000)
  from space 5120K, 0% used [0x0000000798780000,0x0000000798780000,0x0000000798c80000)
  to   space 5120K, 0% used [0x0000000798280000,0x0000000798280000,0x0000000798780000)
 ParOldGen       total 97792K, used 13042K [0x0000000740000000, 0x0000000745f80000, 0x0000000795580000)
  object space 97792K, 13% used [0x0000000740000000,0x0000000740cbca78,0x0000000745f80000)
 Metaspace       used 35663K, capacity 37035K, committed 37296K, reserved 1081344K
  class space    used 4924K, capacity 5203K, committed 5296K, reserved 1048576K
Event: 126.290 GC heap after
Heap after GC invocations=7 (full 2):
 PSYoungGen      total 51200K, used 768K [0x0000000795580000, 0x000000079a480000, 0x00000007c0000000)
  eden space 46080K, 0% used [0x0000000795580000,0x0000000795580000,0x0000000798280000)
  from space 5120K, 15% used [0x0000000798280000,0x0000000798340000,0x0000000798780000)
  to   space 10240K, 0% used [0x0000000799a80000,0x0000000799a80000,0x000000079a480000)
 ParOldGen       total 97792K, used 13050K [0x0000000740000000, 0x0000000745f80000, 0x0000000795580000)
  object space 97792K, 13% used [0x0000000740000000,0x0000000740cbea78,0x0000000745f80000)
 Metaspace       used 35663K, capacity 37035K, committed 37296K, reserved 1081344K
  class space    used 4924K, capacity 5203K, committed 5296K, reserved 1048576K
}

