# JRE version: Java(TM) SE Runtime Environment (8.0_161-b12) (build 1.8.0_161-b12)
# Java VM: Java HotSpot(TM) 64-Bit Server VM (25.161-b12 mixed mode bsd-amd64 compressed oops)
Heap:
 PSYoungGen      total 268288K, used 137283K [0x0000000795580000, 0x00000007aee80000, 0x00000007c0000000)
  eden space 145920K, 36% used [0x0000000795580000,0x00000007989c0f20,0x000000079e400000)
  from space 122368K, 68% used [0x000000079e400000,0x00000007a35d0000,0x00000007a5b80000)
  to   space 121856K, 0% used [0x00000007a7780000,0x00000007a7780000,0x00000007aee80000)
 ParOldGen       total 219136K, used 138315K [0x0000000740000000, 0x000000074d600000, 0x0000000795580000)
  object space 219136K, 63% used [0x0000000740000000,0x0000000748712cf0,0x000000074d600000)
 Metaspace       used 36892K, capacity 38389K, committed 38576K, reserved 1083392K
  class space    used 4984K, capacity 5284K, committed 5296K, reserved 1048576K
GC Heap History (10 events):
Event: 670.097 GC heap before
{Heap before GC invocations=52 (full 2):
 PSYoungGen      total 231936K, used 201856K [0x0000000795580000, 0x00000007abb00000, 0x00000007c0000000)
  eden space 117248K, 100% used [0x0000000795580000,0x000000079c800000,0x000000079c800000)
  from space 114688K, 73% used [0x000000079c800000,0x00000007a1aa0000,0x00000007a3800000)
  to   space 117760K, 0% used [0x00000007a4800000,0x00000007a4800000,0x00000007abb00000)
 ParOldGen       total 104448K, used 96144K [0x0000000740000000, 0x0000000746600000, 0x0000000795580000)
  object space 104448K, 92% used [0x0000000740000000,0x0000000745de4378,0x0000000746600000)
 Metaspace       used 36663K, capacity 38067K, committed 38320K, reserved 1083392K
  class space    used 4955K, capacity 5251K, committed 5296K, reserved 1048576K
Event: 670.156 GC heap after
Heap after GC invocations=52 (full 2):
 PSYoungGen      total 244736K, used 88512K [0x0000000795580000, 0x00000007ac200000, 0x00000007c0000000)
  eden space 126976K, 0% used [0x0000000795580000,0x0000000795580000,0x000000079d180000)
  from space 117760K, 75% used [0x00000007a4800000,0x00000007a9e70000,0x00000007abb00000)
  to   space 121344K, 0% used [0x000000079d180000,0x000000079d180000,0x00000007a4800000)
 ParOldGen       total 104448K, used 100616K [0x0000000740000000, 0x0000000746600000, 0x0000000795580000)
  object space 104448K, 96% used [0x0000000740000000,0x0000000746242378,0x0000000746600000)
 Metaspace       used 36663K, capacity 38067K, committed 38320K, reserved 1083392K
  class space    used 4955K, capacity 5251K, committed 5296K, reserved 1048576K
}
Event: 670.156 GC heap before
{Heap before GC invocations=53 (full 3):
 PSYoungGen      total 244736K, used 88512K [0x0000000795580000, 0x00000007ac200000, 0x00000007c0000000)
  eden space 126976K, 0% used [0x0000000795580000,0x0000000795580000,0x000000079d180000)
  from space 117760K, 75% used [0x00000007a4800000,0x00000007a9e70000,0x00000007abb00000)
  to   space 121344K, 0% used [0x000000079d180000,0x000000079d180000,0x00000007a4800000)
 ParOldGen       total 104448K, used 100616K [0x0000000740000000, 0x0000000746600000, 0x0000000795580000)
  object space 104448K, 96% used [0x0000000740000000,0x0000000746242378,0x0000000746600000)
 Metaspace       used 36663K, capacity 38067K, committed 38320K, reserved 1083392K
  class space    used 4955K, capacity 5251K, committed 5296K, reserved 1048576K
Event: 670.664 GC heap after
Heap after GC invocations=53 (full 3):
 PSYoungGen      total 244736K, used 78227K [0x0000000795580000, 0x00000007ac200000, 0x00000007c0000000)
  eden space 126976K, 0% used [0x0000000795580000,0x0000000795580000,0x000000079d180000)
  from space 117760K, 66% used [0x00000007a4800000,0x00000007a9464f20,0x00000007abb00000)
  to   space 121344K, 0% used [0x000000079d180000,0x000000079d180000,0x00000007a4800000)
 ParOldGen       total 219136K, used 104075K [0x0000000740000000, 0x000000074d600000, 0x0000000795580000)
  object space 219136K, 47% used [0x0000000740000000,0x00000007465a2cf0,0x000000074d600000)
 Metaspace       used 36659K, capacity 38061K, committed 38320K, reserved 1083392K
  class space    used 4955K, capacity 5250K, committed 5296K, reserved 1048576K
}
Event: 678.497 GC heap before
{Heap before GC invocations=54 (full 3):
 PSYoungGen      total 244736K, used 205203K [0x0000000795580000, 0x00000007ac200000, 0x00000007c0000000)
  eden space 126976K, 100% used [0x0000000795580000,0x000000079d180000,0x000000079d180000)
  from space 117760K, 66% used [0x00000007a4800000,0x00000007a9464f20,0x00000007abb00000)
  to   space 121344K, 0% used [0x000000079d180000,0x000000079d180000,0x00000007a4800000)
 ParOldGen       total 219136K, used 104075K [0x0000000740000000, 0x000000074d600000, 0x0000000795580000)
  object space 219136K, 47% used [0x0000000740000000,0x00000007465a2cf0,0x000000074d600000)
 Metaspace       used 36659K, capacity 38061K, committed 38320K, reserved 1083392K
  class space    used 4955K, capacity 5250K, committed 5296K, reserved 1048576K
Event: 679.150 GC heap after
Heap after GC invocations=54 (full 3):
 PSYoungGen      total 248320K, used 78707K [0x0000000795580000, 0x00000007ad080000, 0x00000007c0000000)
  eden space 126976K, 0% used [0x0000000795580000,0x0000000795580000,0x000000079d180000)
  from space 121344K, 64% used [0x000000079d180000,0x00000007a1e5cf68,0x00000007a4800000)
  to   space 119808K, 0% used [0x00000007a5b80000,0x00000007a5b80000,0x00000007ad080000)
 ParOldGen       total 219136K, used 115003K [0x0000000740000000, 0x000000074d600000, 0x0000000795580000)
  object space 219136K, 52% used [0x0000000740000000,0x000000074704ecf0,0x000000074d600000)
 Metaspace       used 36659K, capacity 38061K, committed 38320K, reserved 1083392K
  class space    used 4955K, capacity 5250K, committed 5296K, reserved 1048576K
}
Event: 679.254 GC heap before
{Heap before GC invocations=55 (full 3):
 PSYoungGen      total 248320K, used 205683K [0x0000000795580000, 0x00000007ad080000, 0x00000007c0000000)
  eden space 126976K, 100% used [0x0000000795580000,0x000000079d180000,0x000000079d180000)
  from space 121344K, 64% used [0x000000079d180000,0x00000007a1e5cf68,0x00000007a4800000)
  to   space 119808K, 0% used [0x00000007a5b80000,0x00000007a5b80000,0x00000007ad080000)
 ParOldGen       total 219136K, used 115003K [0x0000000740000000, 0x000000074d600000, 0x0000000795580000)
  object space 219136K, 52% used [0x0000000740000000,0x000000074704ecf0,0x000000074d600000)
 Metaspace       used 36659K, capacity 38061K, committed 38320K, reserved 1083392K
  class space    used 4955K, capacity 5250K, committed 5296K, reserved 1048576K
Event: 679.378 GC heap after
Heap after GC invocations=55 (full 3):
 PSYoungGen      total 265728K, used 88819K [0x0000000795580000, 0x00000007ada00000, 0x00000007c0000000)
  eden space 145920K, 0% used [0x0000000795580000,0x0000000795580000,0x000000079e400000)
  from space 119808K, 74% used [0x00000007a5b80000,0x00000007ab23cf68,0x00000007ad080000)
  to   space 122368K, 0% used [0x000000079e400000,0x000000079e400000,0x00000007a5b80000)
 ParOldGen       total 219136K, used 125075K [0x0000000740000000, 0x000000074d600000, 0x0000000795580000)
  object space 219136K, 57% used [0x0000000740000000,0x0000000747a24cf0,0x000000074d600000)
 Metaspace       used 36659K, capacity 38061K, committed 38320K, reserved 1083392K
  class space    used 4955K, capacity 5250K, committed 5296K, reserved 1048576K
}
Event: 687.676 GC heap before
{Heap before GC invocations=56 (full 3):
 PSYoungGen      total 265728K, used 234739K [0x0000000795580000, 0x00000007ada00000, 0x00000007c0000000)
  eden space 145920K, 100% used [0x0000000795580000,0x000000079e400000,0x000000079e400000)
  from space 119808K, 74% used [0x00000007a5b80000,0x00000007ab23cf68,0x00000007ad080000)
  to   space 122368K, 0% used [0x000000079e400000,0x000000079e400000,0x00000007a5b80000)
 ParOldGen       total 219136K, used 125075K [0x0000000740000000, 0x000000074d600000, 0x0000000795580000)
  object space 219136K, 57% used [0x0000000740000000,0x0000000747a24cf0,0x000000074d600000)
 Metaspace       used 36858K, capacity 38339K, committed 38576K, reserved 1083392K
  class space    used 4977K, capacity 5273K, committed 5296K, reserved 1048576K
Event: 687.753 GC heap after
Heap after GC invocations=56 (full 3):
 PSYoungGen      total 268288K, used 83776K [0x0000000795580000, 0x00000007aee80000, 0x00000007c0000000)
  eden space 145920K, 0% used [0x0000000795580000,0x0000000795580000,0x000000079e400000)
  from space 122368K, 68% used [0x000000079e400000,0x00000007a35d0000,0x00000007a5b80000)
  to   space 121856K, 0% used [0x00000007a7780000,0x00000007a7780000,0x00000007aee80000)
 ParOldGen       total 219136K, used 138315K [0x0000000740000000, 0x000000074d600000, 0x0000000795580000)
  object space 219136K, 63% used [0x0000000740000000,0x0000000748712cf0,0x000000074d600000)
 Metaspace       used 36858K, capacity 38339K, committed 38576K, reserved 1083392K
  class space    used 4977K, capacity 5273K, committed 5296K, reserved 1048576K
}

