# JRE version: Java(TM) SE Runtime Environment (8.0_161-b12) (build 1.8.0_161-b12)
# Java VM: Java HotSpot(TM) 64-Bit Server VM (25.161-b12 mixed mode bsd-amd64 compressed oops)
Heap:
 PSYoungGen      total 41472K, used 27593K [0x0000000795580000, 0x0000000798900000, 0x00000007c0000000)
  eden space 30208K, 75% used [0x0000000795580000,0x0000000796bea530,0x0000000797300000)
  from space 11264K, 41% used [0x0000000797e00000,0x0000000798288000,0x0000000798900000)
  to   space 11264K, 0% used [0x0000000797300000,0x0000000797300000,0x0000000797e00000)
 ParOldGen       total 93696K, used 26072K [0x0000000740000000, 0x0000000745b80000, 0x0000000795580000)
  object space 93696K, 27% used [0x0000000740000000,0x00000007419760e0,0x0000000745b80000)
 Metaspace       used 36458K, capacity 37879K, committed 38064K, reserved 1081344K
  class space    used 4976K, capacity 5291K, committed 5296K, reserved 1048576K
GC Heap History (10 events):
Event: 2748.715 GC heap before
{Heap before GC invocations=46 (full 2):
 PSYoungGen      total 41472K, used 37728K [0x0000000795580000, 0x0000000798900000, 0x00000007c0000000)
  eden space 30208K, 100% used [0x0000000795580000,0x0000000797300000,0x0000000797300000)
  from space 11264K, 66% used [0x0000000797300000,0x0000000797a58000,0x0000000797e00000)
  to   space 11264K, 0% used [0x0000000797e00000,0x0000000797e00000,0x0000000798900000)
 ParOldGen       total 93696K, used 23080K [0x0000000740000000, 0x0000000745b80000, 0x0000000795580000)
  object space 93696K, 24% used [0x0000000740000000,0x000000074168a0e0,0x0000000745b80000)
 Metaspace       used 36293K, capacity 37723K, committed 37808K, reserved 1081344K
  class space    used 4950K, capacity 5245K, committed 5296K, reserved 1048576K
Event: 2748.723 GC heap after
Heap after GC invocations=46 (full 2):
 PSYoungGen      total 41472K, used 6976K [0x0000000795580000, 0x0000000798900000, 0x00000007c0000000)
  eden space 30208K, 0% used [0x0000000795580000,0x0000000795580000,0x0000000797300000)
  from space 11264K, 61% used [0x0000000797e00000,0x00000007984d0000,0x0000000798900000)
  to   space 11264K, 0% used [0x0000000797300000,0x0000000797300000,0x0000000797e00000)
 ParOldGen       total 93696K, used 23664K [0x0000000740000000, 0x0000000745b80000, 0x0000000795580000)
  object space 93696K, 25% used [0x0000000740000000,0x000000074171c0e0,0x0000000745b80000)
 Metaspace       used 36293K, capacity 37723K, committed 37808K, reserved 1081344K
  class space    used 4950K, capacity 5245K, committed 5296K, reserved 1048576K
}
Event: 3167.325 GC heap before
{Heap before GC invocations=47 (full 2):
 PSYoungGen      total 41472K, used 37184K [0x0000000795580000, 0x0000000798900000, 0x00000007c0000000)
  eden space 30208K, 100% used [0x0000000795580000,0x0000000797300000,0x0000000797300000)
  from space 11264K, 61% used [0x0000000797e00000,0x00000007984d0000,0x0000000798900000)
  to   space 11264K, 0% used [0x0000000797300000,0x0000000797300000,0x0000000797e00000)
 ParOldGen       total 93696K, used 23664K [0x0000000740000000, 0x0000000745b80000, 0x0000000795580000)
  object space 93696K, 25% used [0x0000000740000000,0x000000074171c0e0,0x0000000745b80000)
 Metaspace       used 36293K, capacity 37723K, committed 37808K, reserved 1081344K
  class space    used 4950K, capacity 5245K, committed 5296K, reserved 1048576K
Event: 3167.331 GC heap after
Heap after GC invocations=47 (full 2):
 PSYoungGen      total 41472K, used 6368K [0x0000000795580000, 0x0000000798900000, 0x00000007c0000000)
  eden space 30208K, 0% used [0x0000000795580000,0x0000000795580000,0x0000000797300000)
  from space 11264K, 56% used [0x0000000797300000,0x0000000797938000,0x0000000797e00000)
  to   space 11264K, 0% used [0x0000000797e00000,0x0000000797e00000,0x0000000798900000)
 ParOldGen       total 93696K, used 24256K [0x0000000740000000, 0x0000000745b80000, 0x0000000795580000)
  object space 93696K, 25% used [0x0000000740000000,0x00000007417b00e0,0x0000000745b80000)
 Metaspace       used 36293K, capacity 37723K, committed 37808K, reserved 1081344K
  class space    used 4950K, capacity 5245K, committed 5296K, reserved 1048576K
}
Event: 3687.785 GC heap before
{Heap before GC invocations=48 (full 2):
 PSYoungGen      total 41472K, used 36576K [0x0000000795580000, 0x0000000798900000, 0x00000007c0000000)
  eden space 30208K, 100% used [0x0000000795580000,0x0000000797300000,0x0000000797300000)
  from space 11264K, 56% used [0x0000000797300000,0x0000000797938000,0x0000000797e00000)
  to   space 11264K, 0% used [0x0000000797e00000,0x0000000797e00000,0x0000000798900000)
 ParOldGen       total 93696K, used 24256K [0x0000000740000000, 0x0000000745b80000, 0x0000000795580000)
  object space 93696K, 25% used [0x0000000740000000,0x00000007417b00e0,0x0000000745b80000)
 Metaspace       used 36293K, capacity 37723K, committed 37808K, reserved 1081344K
  class space    used 4950K, capacity 5245K, committed 5296K, reserved 1048576K
Event: 3687.792 GC heap after
Heap after GC invocations=48 (full 2):
 PSYoungGen      total 41472K, used 5792K [0x0000000795580000, 0x0000000798900000, 0x00000007c0000000)
  eden space 30208K, 0% used [0x0000000795580000,0x0000000795580000,0x0000000797300000)
  from space 11264K, 51% used [0x0000000797e00000,0x00000007983a8000,0x0000000798900000)
  to   space 11264K, 0% used [0x0000000797300000,0x0000000797300000,0x0000000797e00000)
 ParOldGen       total 93696K, used 24856K [0x0000000740000000, 0x0000000745b80000, 0x0000000795580000)
  object space 93696K, 26% used [0x0000000740000000,0x00000007418460e0,0x0000000745b80000)
 Metaspace       used 36293K, capacity 37723K, committed 37808K, reserved 1081344K
  class space    used 4950K, capacity 5245K, committed 5296K, reserved 1048576K
}
Event: 4159.460 GC heap before
{Heap before GC invocations=49 (full 2):
 PSYoungGen      total 41472K, used 36000K [0x0000000795580000, 0x0000000798900000, 0x00000007c0000000)
  eden space 30208K, 100% used [0x0000000795580000,0x0000000797300000,0x0000000797300000)
  from space 11264K, 51% used [0x0000000797e00000,0x00000007983a8000,0x0000000798900000)
  to   space 11264K, 0% used [0x0000000797300000,0x0000000797300000,0x0000000797e00000)
 ParOldGen       total 93696K, used 24856K [0x0000000740000000, 0x0000000745b80000, 0x0000000795580000)
  object space 93696K, 26% used [0x0000000740000000,0x00000007418460e0,0x0000000745b80000)
 Metaspace       used 36302K, capacity 37723K, committed 37808K, reserved 1081344K
  class space    used 4950K, capacity 5245K, committed 5296K, reserved 1048576K
Event: 4159.466 GC heap after
Heap after GC invocations=49 (full 2):
 PSYoungGen      total 41472K, used 5216K [0x0000000795580000, 0x0000000798900000, 0x00000007c0000000)
  eden space 30208K, 0% used [0x0000000795580000,0x0000000795580000,0x0000000797300000)
  from space 11264K, 46% used [0x0000000797300000,0x0000000797818000,0x0000000797e00000)
  to   space 11264K, 0% used [0x0000000797e00000,0x0000000797e00000,0x0000000798900000)
 ParOldGen       total 93696K, used 25472K [0x0000000740000000, 0x0000000745b80000, 0x0000000795580000)
  object space 93696K, 27% used [0x0000000740000000,0x00000007418e00e0,0x0000000745b80000)
 Metaspace       used 36302K, capacity 37723K, committed 37808K, reserved 1081344K
  class space    used 4950K, capacity 5245K, committed 5296K, reserved 1048576K
}
Event: 4549.868 GC heap before
{Heap before GC invocations=50 (full 2):
 PSYoungGen      total 41472K, used 35424K [0x0000000795580000, 0x0000000798900000, 0x00000007c0000000)
  eden space 30208K, 100% used [0x0000000795580000,0x0000000797300000,0x0000000797300000)
  from space 11264K, 46% used [0x0000000797300000,0x0000000797818000,0x0000000797e00000)
  to   space 11264K, 0% used [0x0000000797e00000,0x0000000797e00000,0x0000000798900000)
 ParOldGen       total 93696K, used 25472K [0x0000000740000000, 0x0000000745b80000, 0x0000000795580000)
  object space 93696K, 27% used [0x0000000740000000,0x00000007418e00e0,0x0000000745b80000)
 Metaspace       used 36303K, capacity 37723K, committed 37808K, reserved 1081344K
  class space    used 4950K, capacity 5245K, committed 5296K, reserved 1048576K
Event: 4549.874 GC heap after
Heap after GC invocations=50 (full 2):
 PSYoungGen      total 41472K, used 4640K [0x0000000795580000, 0x0000000798900000, 0x00000007c0000000)
  eden space 30208K, 0% used [0x0000000795580000,0x0000000795580000,0x0000000797300000)
  from space 11264K, 41% used [0x0000000797e00000,0x0000000798288000,0x0000000798900000)
  to   space 11264K, 0% used [0x0000000797300000,0x0000000797300000,0x0000000797e00000)
 ParOldGen       total 93696K, used 26072K [0x0000000740000000, 0x0000000745b80000, 0x0000000795580000)
  object space 93696K, 27% used [0x0000000740000000,0x00000007419760e0,0x0000000745b80000)
 Metaspace       used 36303K, capacity 37723K, committed 37808K, reserved 1081344K
  class space    used 4950K, capacity 5245K, committed 5296K, reserved 1048576K
}

